8=FIX4.4,35=D,34=52,49=M3,56=MS,52=2024-07-22-11:58:55,55=AAPL,40=2,38=3863,21=2,11=algo20240722115855,60=2024-07-22-11:58:55,54=1,44=1276.37,10=0252,
8=FIX4.4,35=D,34=52,49=M3,56=MS,52=2024-07-22-11:58:55,55=AAPL,40=2,38=3863,21=2,11=algo20240722115855,60=2024-07-22-11:58:55,54=1,44=1276.37,10=0252,
8=FIX4.4,35=D,34=53,49=M3,56=MS,52=2024-07-22-11:58:57,55=MSFT,40=2,38=10072,21=2,11=algo20240722115857,60=2024-07-22-11:58:57,54=2,44=59.89,10=0252,
8=FIX4.4,35=D,34=54,49=M3,56=MS,52=2024-07-22-11:58:58,55=AMZN,40=2,38=10444,21=2,11=algo20240722115858,60=2024-07-22-11:58:58,54=1,44=133.47,10=0252,
8=FIX4.4,35=D,34=56,49=M3,56=MS,52=2024-07-22-11:59:02,55=FB,40=2,38=6905,21=2,11=algo20240722115902,60=2024-07-22-11:59:02,54=2,44=430.62,10=0252,
8=FIX4.4,35=D,34=56,49=M3,56=MS,52=2024-07-22-11:59:02,55=FB,40=2,38=6905,21=2,11=algo20240722115902,60=2024-07-22-11:59:02,54=2,44=430.62,10=0252,
8=FIX4.4,35=D,34=58,49=M3,56=MS,52=2024-07-22-11:59:05,55=GOOG,40=2,38=3850,21=2,11=algo20240722115905,60=2024-07-22-11:59:05,54=2,44=42.05,10=0252,
8=FIX4.4,35=D,34=60,49=M3,56=MS,52=2024-07-22-11:59:08,55=GOOGL,40=2,38=9790,21=2,11=algo20240722115908,60=2024-07-22-11:59:08,54=1,44=289.20,10=0252,
8=FIX4.4,35=D,34=61,49=M3,56=MS,52=2024-07-22-11:59:11,55=INTC,40=2,38=14195,21=2,11=algo20240722115911,60=2024-07-22-11:59:11,54=1,44=339.13,10=0252,
8=FIX4.4,35=D,34=63,49=M3,56=MS,52=2024-07-22-11:59:14,55=PEP,40=2,38=19493,21=2,11=algo20240722115914,60=2024-07-22-11:59:14,54=1,44=36.21,10=0252,
8=FIX4.4,35=D,34=65,49=M3,56=MS,52=2024-07-22-11:59:16,55=NFLX,40=2,38=4480,21=2,11=algo20240722115916,60=2024-07-22-11:59:16,54=2,44=306.71,10=0252,
8=FIX4.4,35=D,34=67,49=M3,56=MS,52=2024-07-22-11:59:20,55=CSCO,40=2,38=24100,21=2,11=algo20240722115920,60=2024-07-22-11:59:20,54=2,44=233.73,10=0252,
8=FIX4.4,35=D,34=69,49=M3,56=MS,52=2024-07-22-11:59:25,55=AMGN,40=2,38=20128,21=2,11=algo20240722115925,60=2024-07-22-11:59:25,54=1,44=116.62,10=0252,
8=FIX4.4,35=D,34=71,49=M3,56=MS,52=2024-07-22-11:59:28,55=PYPL,40=2,38=11022,21=2,11=algo20240722115928,60=2024-07-22-11:59:28,54=2,44=723.61,10=0252,
8=FIX4.4,35=D,34=72,49=M3,56=MS,52=2024-07-22-11:59:31,55=TSLA,40=2,38=16654,21=2,11=algo20240722115931,60=2024-07-22-11:59:31,54=1,44=503.77,10=0252,
8=FIX4.4,35=D,34=73,49=M3,56=MS,52=2024-07-22-11:59:33,55=TXN,40=2,38=31656,21=2,11=algo20240722115933,60=2024-07-22-11:59:33,54=1,44=112.46,10=0252,
8=FIX4.4,35=D,34=75,49=M3,56=MS,52=2024-07-22-11:59:35,55=AVGO,40=2,38=29757,21=2,11=algo20240722115935,60=2024-07-22-11:59:35,54=1,44=262.99,10=0252,
8=FIX4.4,35=D,34=77,49=M3,56=MS,52=2024-07-22-11:59:38,55=GILD,40=2,38=21123,21=2,11=algo20240722115938,60=2024-07-22-11:59:38,54=2,44=82.91,10=0252,
8=FIX4.4,35=D,34=79,49=M3,56=MS,52=2024-07-22-11:59:41,55=SBUX,40=2,38=4452,21=2,11=algo20240722115941,60=2024-07-22-11:59:41,54=1,44=75.71,10=0252,
8=FIX4.4,35=D,34=81,49=M3,56=MS,52=2024-07-22-11:59:44,55=QCOM,40=2,38=20005,21=2,11=algo20240722115944,60=2024-07-22-11:59:44,54=1,44=75.47,10=0252,
8=FIX4.4,35=D,34=82,49=M3,56=MS,52=2024-07-22-11:59:45,55=TMUS,40=2,38=25387,21=2,11=algo20240722115945,60=2024-07-22-11:59:45,54=2,44=90.74,10=0252,
8=FIX4.4,35=D,34=83,49=M3,56=MS,52=2024-07-22-11:59:47,55=MDLZ,40=2,38=22819,21=2,11=algo20240722115947,60=2024-07-22-11:59:47,54=2,44=52.26,10=0252,
8=FIX4.4,35=D,34=85,49=M3,56=MS,52=2024-07-22-11:59:49,55=BAC,40=2,38=22407,21=2,11=algo20240722115949,60=2024-07-22-11:59:49,54=2,44=22.03,10=0252,
8=FIX4.4,35=D,34=87,49=M3,56=MS,52=2024-07-22-11:59:51,55=DDD,40=2,38=4071,21=2,11=algo20240722115951,60=2024-07-22-11:59:51,54=1,44=8.01,10=0252,
8=FIX4.4,35=D,34=88,49=M3,56=MS,52=2024-07-22-11:59:53,55=MMM,40=2,38=3637,21=2,11=algo20240722115953,60=2024-07-22-11:59:53,54=2,44=146.98,10=0252,
8=FIX4.4,35=D,34=89,49=M3,56=MS,52=2024-07-22-11:59:54,55=WBAI,40=2,38=12612,21=2,11=algo20240722115954,60=2024-07-22-11:59:54,54=1,44=4.10,10=0252,
8=FIX4.4,35=D,34=91,49=M3,56=MS,52=2024-07-22-11:59:56,55=WUBA,40=2,38=11343,21=2,11=algo20240722115956,60=2024-07-22-11:59:56,54=1,44=51.41,10=0252,
8=FIX4.4,35=D,34=93,49=M3,56=MS,52=2024-07-22-11:59:58,55=EGHT,40=2,38=5594,21=2,11=algo20240722115958,60=2024-07-22-11:59:58,54=2,44=17.03,10=0252,
8=FIX4.4,35=D,34=95,49=M3,56=MS,52=2024-07-22-12:00:00,55=AHC,40=2,38=25762,21=2,11=algo20240722120000,60=2024-07-22-12:00:00,54=2,44=1.40,10=0252,
8=FIX4.4,35=D,34=96,49=M3,56=MS,52=2024-07-22-12:00:01,55=AOS,40=2,38=10945,21=2,11=algo20240722120001,60=2024-07-22-12:00:01,54=1,44=40.38,10=0252,
8=FIX4.4,35=D,34=97,49=M3,56=MS,52=2024-07-22-12:00:02,55=ATEN,40=2,38=9199,21=2,11=algo20240722120002,60=2024-07-22-12:00:02,54=2,44=6.45,10=0252,
8=FIX4.4,35=D,34=99,49=M3,56=MS,52=2024-07-22-12:00:05,55=AIR,40=2,38=5651,21=2,11=algo20240722120005,60=2024-07-22-12:00:05,54=1,44=16.31,10=0252,
8=FIX4.4,35=D,34=101,49=M3,56=MS,52=2024-07-22-12:00:07,55=AAN,40=2,38=28432,21=2,11=algo20240722120007,60=2024-07-22-12:00:07,54=2,44=25.68,10=0252,
8=FIX4.4,35=D,34=103,49=M3,56=MS,52=2024-07-22-12:00:09,55=ABB,40=2,38=19497,21=2,11=algo20240722120009,60=2024-07-22-12:00:09,54=1,44=17.42,10=0252,
8=FIX4.4,35=D,34=104,49=M3,56=MS,52=2024-07-22-12:00:10,55=ABT,40=2,38=22107,21=2,11=algo20240722120010,60=2024-07-22-12:00:10,54=2,44=94.04,10=0252,
8=FIX4.4,35=D,34=105,49=M3,56=MS,52=2024-07-22-12:00:11,55=ABBV,40=2,38=17278,21=2,11=algo20240722120011,60=2024-07-22-12:00:11,54=2,44=83.60,10=0252,
8=FIX4.4,35=D,34=106,49=M3,56=MS,52=2024-07-22-12:00:12,55=ANF,40=2,38=21644,21=2,11=algo20240722120012,60=2024-07-22-12:00:12,54=2,44=9.10,10=0252,
8=FIX4.4,35=D,34=108,49=M3,56=MS,52=2024-07-22-12:00:14,55=ABM,40=2,38=16904,21=2,11=algo20240722120014,60=2024-07-22-12:00:14,54=2,44=31.64,10=0252,
8=FIX4.4,35=D,34=110,49=M3,56=MS,52=2024-07-22-12:00:16,55=AAPL,40=2,38=23706,21=2,11=algo20240722120016,60=2024-07-22-12:00:16,54=1,44=284.65,10=0252,
8=FIX4.4,35=D,34=112,49=M3,56=MS,52=2024-07-22-12:00:20,55=PEP,40=2,38=2668,21=2,11=algo20240722120020,60=2024-07-22-12:00:20,54=2,44=45.43,10=0252,
8=FIX4.4,35=D,34=113,49=M3,56=MS,52=2024-07-22-12:00:22,55=,40=2,38=21071,21=2,11=algo20240722120022,60=2024-07-22-12:00:22,54=1,44=,10=0252,
